<?xml version="1.0" encoding="UTF-8"?>
<!-- Generated by org.testng.reporters.JUnitReportReporter -->
<testsuite hostname="Zafrins-MacBook-Air.local" failures="0" tests="4" name="LocatorsExamples.LocatorsAllExamples" time="5.285" errors="0" timestamp="2025-04-15T23:09:10 BDT" skipped="0">
  <testcase classname="LocatorsExamples.LocatorsAllExamples" name="OpenUrl" time="3.675"/>
  <testcase classname="LocatorsExamples.LocatorsAllExamples" name="LocateById" time="0.560"/>
  <testcase classname="LocatorsExamples.LocatorsAllExamples" name="LocateByname" time="0.526"/>
  <testcase classname="LocatorsExamples.LocatorsAllExamples" name="LocateByxpath" time="0.524"/>
</testsuite> <!-- LocatorsExamples.LocatorsAllExamples -->
