<?xml version="1.0" encoding="UTF-8"?>
<!-- Generated by org.testng.reporters.JUnitReportReporter -->
<testsuite hostname="Zafrins-MacBook-Air.local" failures="0" tests="1" name="Browser_Handling.SafariBrowserRunUsingPlaywright" time="24.165" errors="1" timestamp="2025-04-15T23:04:29 BDT" skipped="0">
  <testcase classname="Browser_Handling.SafariBrowserRunUsingPlaywright" name="OpenUrl" time="24.165">
    <error message="Error {
  message=&#039;Target page, context or browser has been closed
  name=&#039;TargetClosedError
  stack=&#039;TargetClosedError:Target page, context or browser has been closed
Error
    at captureRawStack (/private/var/folders/8m/s4vt79y93jq9w1mw7tqf6bjc0000gn/T/playwright-java-10116181951420639531/package/lib/utils/isomorphic/stackTrace.js:36:17)
    at LongStandingScope._race (/private/var/folders/8m/s4vt79y93jq9w1mw7tqf6bjc0000gn/T/playwright-java-10116181951420639531/package/lib/utils/isomorphic/manualPromise.js:89:52)
    at LongStandingScope.race (/private/var/folders/8m/s4vt79y93jq9w1mw7tqf6bjc0000gn/T/playwright-java-10116181951420639531/package/lib/utils/isomorphic/manualPromise.js:82:17)
    at FrameDispatcher._handleCommand (/private/var/folders/8m/s4vt79y93jq9w1mw7tqf6bjc0000gn/T/playwright-java-10116181951420639531/package/lib/server/dispatchers/dispatcher.js:98:36)
    at DispatcherConnection.dispatch (/private/var/folders/8m/s4vt79y93jq9w1mw7tqf6bjc0000gn/T/playwright-java-10116181951420639531/package/lib/server/dispatchers/dispatcher.js:366:39)
}
Call log:
-   - navigating to &quot;https://devxhub.com/&quot;, waiting until &quot;load&quot;
" type="com.microsoft.playwright.impl.TargetClosedError">
      <![CDATA[com.microsoft.playwright.impl.TargetClosedError: Error {
  message='Target page, context or browser has been closed
  name='TargetClosedError
  stack='TargetClosedError:Target page, context or browser has been closed
Error
    at captureRawStack (/private/var/folders/8m/s4vt79y93jq9w1mw7tqf6bjc0000gn/T/playwright-java-10116181951420639531/package/lib/utils/isomorphic/stackTrace.js:36:17)
    at LongStandingScope._race (/private/var/folders/8m/s4vt79y93jq9w1mw7tqf6bjc0000gn/T/playwright-java-10116181951420639531/package/lib/utils/isomorphic/manualPromise.js:89:52)
    at LongStandingScope.race (/private/var/folders/8m/s4vt79y93jq9w1mw7tqf6bjc0000gn/T/playwright-java-10116181951420639531/package/lib/utils/isomorphic/manualPromise.js:82:17)
    at FrameDispatcher._handleCommand (/private/var/folders/8m/s4vt79y93jq9w1mw7tqf6bjc0000gn/T/playwright-java-10116181951420639531/package/lib/server/dispatchers/dispatcher.js:98:36)
    at DispatcherConnection.dispatch (/private/var/folders/8m/s4vt79y93jq9w1mw7tqf6bjc0000gn/T/playwright-java-10116181951420639531/package/lib/server/dispatchers/dispatcher.js:366:39)
}
Call log:
-   - navigating to "https://devxhub.com/", waiting until "load"

at com.microsoft.playwright.impl.WaitableResult.get(WaitableResult.java:54)
at com.microsoft.playwright.impl.ChannelOwner.runUntil(ChannelOwner.java:132)
at com.microsoft.playwright.impl.Connection.sendMessage(Connection.java:130)
at com.microsoft.playwright.impl.ChannelOwner.sendMessage(ChannelOwner.java:118)
at com.microsoft.playwright.impl.FrameImpl.navigateImpl(FrameImpl.java:463)
at com.microsoft.playwright.impl.PageImpl.lambda$navigate$47(PageImpl.java:943)
at com.microsoft.playwright.impl.LoggingSupport.withLogging(LoggingSupport.java:47)
at com.microsoft.playwright.impl.ChannelOwner.withLogging(ChannelOwner.java:97)
at com.microsoft.playwright.impl.PageImpl.navigate(PageImpl.java:943)
at com.microsoft.playwright.impl.PageImpl.navigate(PageImpl.java:42)
at com.microsoft.playwright.Page.navigate(Page.java:5491)
at Browser_Handling.SafariBrowserRunUsingPlaywright.OpenUrl(SafariBrowserRunUsingPlaywright.java:33)
at java.base/jdk.internal.reflect.DirectMethodHandleAccessor.invoke(DirectMethodHandleAccessor.java:103)
at java.base/java.lang.reflect.Method.invoke(Method.java:580)
at org.testng.internal.invokers.MethodInvocationHelper.invokeMethod(MethodInvocationHelper.java:141)
at org.testng.internal.invokers.TestInvoker.invokeMethod(TestInvoker.java:686)
at org.testng.internal.invokers.TestInvoker.invokeTestMethod(TestInvoker.java:230)
at org.testng.internal.invokers.MethodRunner.runInSequence(MethodRunner.java:63)
at org.testng.internal.invokers.TestInvoker$MethodInvocationAgent.invoke(TestInvoker.java:992)
at org.testng.internal.invokers.TestInvoker.invokeTestMethods(TestInvoker.java:203)
at org.testng.internal.invokers.TestMethodWorker.invokeTestMethods(TestMethodWorker.java:154)
at org.testng.internal.invokers.TestMethodWorker.run(TestMethodWorker.java:134)
at java.base/java.util.ArrayList.forEach(ArrayList.java:1596)
at org.testng.TestRunner.privateRun(TestRunner.java:739)
at org.testng.TestRunner.run(TestRunner.java:614)
at org.testng.SuiteRunner.runTest(SuiteRunner.java:421)
at org.testng.SuiteRunner.runSequentially(SuiteRunner.java:413)
at org.testng.SuiteRunner.privateRun(SuiteRunner.java:373)
at org.testng.SuiteRunner.run(SuiteRunner.java:312)
at org.testng.SuiteRunnerWorker.runSuite(SuiteRunnerWorker.java:52)
at org.testng.SuiteRunnerWorker.run(SuiteRunnerWorker.java:95)
at org.testng.TestNG.runSuitesSequentially(TestNG.java:1274)
at org.testng.TestNG.runSuitesLocally(TestNG.java:1208)
at org.testng.TestNG.runSuites(TestNG.java:1112)
at org.testng.TestNG.run(TestNG.java:1079)
at org.testng.remote.AbstractRemoteTestNG.run(AbstractRemoteTestNG.java:115)
at org.testng.remote.RemoteTestNG.initAndRun(RemoteTestNG.java:293)
at org.testng.remote.RemoteTestNG.main(RemoteTestNG.java:91)
Caused by: com.microsoft.playwright.impl.TargetClosedError: Error {
  message='Target page, context or browser has been closed
  name='TargetClosedError
  stack='TargetClosedError:Target page, context or browser has been closed
Error
    at captureRawStack (/private/var/folders/8m/s4vt79y93jq9w1mw7tqf6bjc0000gn/T/playwright-java-10116181951420639531/package/lib/utils/isomorphic/stackTrace.js:36:17)
    at LongStandingScope._race (/private/var/folders/8m/s4vt79y93jq9w1mw7tqf6bjc0000gn/T/playwright-java-10116181951420639531/package/lib/utils/isomorphic/manualPromise.js:89:52)
    at LongStandingScope.race (/private/var/folders/8m/s4vt79y93jq9w1mw7tqf6bjc0000gn/T/playwright-java-10116181951420639531/package/lib/utils/isomorphic/manualPromise.js:82:17)
    at FrameDispatcher._handleCommand (/private/var/folders/8m/s4vt79y93jq9w1mw7tqf6bjc0000gn/T/playwright-java-10116181951420639531/package/lib/server/dispatchers/dispatcher.js:98:36)
    at DispatcherConnection.dispatch (/private/var/folders/8m/s4vt79y93jq9w1mw7tqf6bjc0000gn/T/playwright-java-10116181951420639531/package/lib/server/dispatchers/dispatcher.js:366:39)
}
Call log:
-   - navigating to "https://devxhub.com/", waiting until "load"

at com.microsoft.playwright.impl.Connection.dispatch(Connection.java:256)
at com.microsoft.playwright.impl.Connection.processOneMessage(Connection.java:211)
at com.microsoft.playwright.impl.ChannelOwner.runUntil(ChannelOwner.java:130)
... 36 more
]]>
    </error>
  </testcase> <!-- OpenUrl -->
</testsuite> <!-- Browser_Handling.SafariBrowserRunUsingPlaywright -->
