<?xml version="1.0" encoding="UTF-8"?>
<!-- Generated by org.testng.reporters.JUnitReportReporter -->
<testsuite hostname="Zafrins-MacBook-Air.local" failures="0" tests="2" name="LocatorsExamples.LocateByXpath" time="2.586" errors="0" timestamp="2025-02-13T16:57:05 BDT" skipped="0">
  <testcase classname="LocatorsExamples.LocateByXpath" name="OpenUrl" time="2.032"/>
  <testcase classname="LocatorsExamples.LocateByXpath" name="LocateByname" time="0.554"/>
</testsuite> <!-- LocatorsExamples.LocateByXpath -->
