<?xml version="1.0" encoding="UTF-8"?>
<!-- Generated by org.testng.reporters.JUnitReportReporter -->
<testsuite hostname="Zafrins-MacBook-Air.local" failures="0" tests="1" name="Browser_Handling.ChromeBrowserRunUsingPlaywright" time="2.432" errors="0" timestamp="2025-02-13T16:35:01 BDT" skipped="0">
  <testcase classname="Browser_Handling.ChromeBrowserRunUsingPlaywright" name="OpenUrl" time="2.432"/>
</testsuite> <!-- Browser_Handling.ChromeBrowserRunUsingPlaywright -->
