<?xml version="1.0" encoding="UTF-8"?>
<!-- Generated by org.testng.reporters.JUnitReportReporter -->
<testsuite hostname="Zafrins-MacBook-Air.local" failures="0" tests="2" name="LocatorsExamples.LocateByName" time="2.803" errors="0" timestamp="2025-02-13T16:52:51 BDT" skipped="0">
  <testcase classname="LocatorsExamples.LocateByName" name="OpenUrl" time="2.241"/>
  <testcase classname="LocatorsExamples.LocateByName" name="LocateByname" time="0.562"/>
</testsuite> <!-- LocatorsExamples.LocateByName -->
