<?xml version="1.0" encoding="UTF-8"?>
<!-- Generated by org.testng.reporters.JUnitReportReporter -->
<testsuite hostname="Zafrins-MacBook-Air.local" failures="0" tests="2" name="LocatorsExamples.LocateByID" time="2.827" errors="0" timestamp="2025-02-13T16:50:45 BDT" skipped="0">
  <testcase classname="LocatorsExamples.LocateByID" name="OpenUrl" time="2.276"/>
  <testcase classname="LocatorsExamples.LocateByID" name="LocateById" time="0.551"/>
</testsuite> <!-- LocatorsExamples.LocateByID -->
