<?xml version="1.0" encoding="UTF-8"?>
<!-- Generated by org.testng.reporters.JUnitReportReporter -->
<testsuite hostname="Zafrins-MacBook-Air.local" failures="0" tests="2" name="Locators.LocatorsExamples" time="2.257" errors="0" timestamp="2025-02-13T16:47:36 BDT" skipped="0">
  <testcase classname="Locators.LocatorsExamples" name="OpenUrl" time="1.708"/>
  <testcase classname="Locators.LocatorsExamples" name="LocateByID" time="0.549"/>
</testsuite> <!-- Locators.LocatorsExamples -->
