<?xml version="1.0" encoding="UTF-8"?>
<!-- Generated by org.testng.reporters.JUnitReportReporter -->
<testsuite hostname="Zafrins-MacBook-Air.local" failures="0" tests="4" name="LocatorsExamples.LocatorsAllExamples" time="3.188" errors="0" timestamp="2025-02-13T17:01:59 BDT" skipped="0">
  <testcase classname="LocatorsExamples.LocatorsAllExamples" name="OpenUrl" time="1.582"/>
  <testcase classname="LocatorsExamples.LocatorsAllExamples" name="LocateById" time="0.552"/>
  <testcase classname="LocatorsExamples.LocatorsAllExamples" name="LocateByname" time="0.534"/>
  <testcase classname="LocatorsExamples.LocatorsAllExamples" name="LocateByxpath" time="0.520"/>
</testsuite> <!-- LocatorsExamples.LocatorsAllExamples -->
