<?xml version="1.0" encoding="UTF-8"?>
<!-- Generated by org.testng.reporters.JUnitReportReporter -->
<testsuite hostname="Zafrins-MacBook-Air.local" failures="0" tests="1" name="Browser_Handling.FireFoxBrowserRunUsingPlaywright" time="7.027" errors="0" timestamp="2025-02-13T18:44:22 BDT" skipped="0">
  <testcase classname="Browser_Handling.FireFoxBrowserRunUsingPlaywright" name="OpenUrl" time="7.027"/>
</testsuite> <!-- Browser_Handling.FireFoxBrowserRunUsingPlaywright -->
